0 info it worked if it ends with ok
1 verbose cli [ '/Users/lyndonlawrence/.nvm/versions/node/v6.2.2/bin/node',
1 verbose cli   '/Users/lyndonlawrence/.nvm/versions/node/v6.2.2/bin/npm',
1 verbose cli   'start' ]
2 info using npm@3.9.5
3 info using node@v6.2.2
4 verbose run-script [ 'prestart', 'start', 'poststart' ]
5 info lifecycle first-react-app@1.0.0~prestart: first-react-app@1.0.0
6 verbose lifecycle first-react-app@1.0.0~prestart: unsafe-perm in lifecycle true
7 verbose lifecycle first-react-app@1.0.0~prestart: PATH: /Users/lyndonlawrence/.nvm/versions/node/v6.2.2/lib/node_modules/npm/bin/node-gyp-bin:/Users/lyndonlawrence/code/first-react-app/node_modules/.bin:/Users/lyndonlawrence/.nvm/versions/node/v6.2.2/bin:/Users/lyndonlawrence/.nvm/versions/node/v6.2.2/bin:/usr/local/bin:/usr/bin:/bin:/usr/sbin:/sbin
8 verbose lifecycle first-react-app@1.0.0~prestart: CWD: /Users/lyndonlawrence/code/first-react-app
9 silly lifecycle first-react-app@1.0.0~prestart: Args: [ '-c', 'babel-node tools/startMessage.js' ]
10 silly lifecycle first-react-app@1.0.0~prestart: Returned: code: 1  signal: null
11 info lifecycle first-react-app@1.0.0~prestart: Failed to exec prestart script
12 verbose stack Error: first-react-app@1.0.0 prestart: `babel-node tools/startMessage.js`
12 verbose stack Exit status 1
12 verbose stack     at EventEmitter.<anonymous> (/Users/lyndonlawrence/.nvm/versions/node/v6.2.2/lib/node_modules/npm/lib/utils/lifecycle.js:245:16)
12 verbose stack     at emitTwo (events.js:106:13)
12 verbose stack     at EventEmitter.emit (events.js:191:7)
12 verbose stack     at ChildProcess.<anonymous> (/Users/lyndonlawrence/.nvm/versions/node/v6.2.2/lib/node_modules/npm/lib/utils/spawn.js:24:14)
12 verbose stack     at emitTwo (events.js:106:13)
12 verbose stack     at ChildProcess.emit (events.js:191:7)
12 verbose stack     at maybeClose (internal/child_process.js:852:16)
12 verbose stack     at Process.ChildProcess._handle.onexit (internal/child_process.js:215:5)
13 verbose pkgid first-react-app@1.0.0
14 verbose cwd /Users/lyndonlawrence/code/first-react-app
15 error Darwin 15.5.0
16 error argv "/Users/lyndonlawrence/.nvm/versions/node/v6.2.2/bin/node" "/Users/lyndonlawrence/.nvm/versions/node/v6.2.2/bin/npm" "start"
17 error node v6.2.2
18 error npm  v3.9.5
19 error code ELIFECYCLE
20 error first-react-app@1.0.0 prestart: `babel-node tools/startMessage.js`
20 error Exit status 1
21 error Failed at the first-react-app@1.0.0 prestart script 'babel-node tools/startMessage.js'.
21 error Make sure you have the latest version of node.js and npm installed.
21 error If you do, this is most likely a problem with the first-react-app package,
21 error not with npm itself.
21 error Tell the author that this fails on your system:
21 error     babel-node tools/startMessage.js
21 error You can get information on how to open an issue for this project with:
21 error     npm bugs first-react-app
21 error Or if that isn't available, you can get their info via:
21 error     npm owner ls first-react-app
21 error There is likely additional logging output above.
22 verbose exit [ 1, true ]
